<?xml version="1.0" encoding="UTF-8"?>
<!-- Generated by org.testng.reporters.JUnitReportReporter -->
<testsuite hostname="LP-13" name="BugRegressionSuite.CouponPromptIssue" tests="1" failures="0" timestamp="11 Aug 2015 05:24:35 GMT" time="68.191" errors="0">
  <testcase name="executeTestCase" time="68.191" classname="BugRegressionSuite.CouponPromptIssue"/>
</testsuite> <!-- BugRegressionSuite.CouponPromptIssue -->
