<?xml version="1.0" encoding="UTF-8"?>
<!-- Generated by org.testng.reporters.JUnitReportReporter -->
<testsuite hostname="LP-13" name="BugRegressionSuite.CheckoutErrorOnCart" tests="2" failures="0" timestamp="11 Aug 2015 05:24:35 GMT" time="129.846" errors="0">
  <testcase name="executeTestCase" time="65.362" classname="BugRegressionSuite.CheckoutErrorOnCart"/>
  <testcase name="executeTestCase" time="64.484" classname="BugRegressionSuite.CheckoutErrorOnCart"/>
</testsuite> <!-- BugRegressionSuite.CheckoutErrorOnCart -->
