<?xml version="1.0" encoding="UTF-8"?>
<!-- Generated by org.testng.reporters.JUnitReportReporter -->
<testsuite hostname="LP-13" name="BugRegressionSuite.ApplicationCrashIssue" tests="2" failures="0" timestamp="11 Aug 2015 05:24:35 GMT" time="121.230" errors="0">
  <testcase name="appCrashDuringReviewLogin" time="63.930" classname="BugRegressionSuite.ApplicationCrashIssue"/>
  <testcase name="executeTestCase" time="57.300" classname="BugRegressionSuite.ApplicationCrashIssue"/>
</testsuite> <!-- BugRegressionSuite.ApplicationCrashIssue -->
