<?xml version="1.0" encoding="UTF-8"?>
<!-- Generated by org.testng.reporters.JUnitReportReporter -->
<testsuite hostname="LP-13" name="BugRegressionSuite.ForgotPasswordScreen_SNo_26" tests="1" failures="0" timestamp="11 Aug 2015 05:24:35 GMT" time="42.190" errors="0">
  <testcase name="executeTestCase" time="42.190" classname="BugRegressionSuite.ForgotPasswordScreen_SNo_26"/>
</testsuite> <!-- BugRegressionSuite.ForgotPasswordScreen_SNo_26 -->
