<?xml version="1.0" encoding="UTF-8"?>
<!-- Generated by org.testng.reporters.JUnitReportReporter -->
<testsuite hostname="LP-13" name="BugRegressionSuite.ForgotPassword_Sno_36" tests="1" failures="0" timestamp="11 Aug 2015 05:24:35 GMT" time="66.293" errors="0">
  <testcase name="executeTestCase" time="66.293" classname="BugRegressionSuite.ForgotPassword_Sno_36"/>
</testsuite> <!-- BugRegressionSuite.ForgotPassword_Sno_36 -->
