<?xml version="1.0" encoding="UTF-8"?>
<!-- Generated by org.testng.reporters.JUnitReportReporter -->
<testsuite hostname="LP-13" name="BugRegressionSuite.SimilarProductsIssue" tests="3" failures="0" timestamp="11 Aug 2015 05:24:35 GMT" time="263.167" errors="0">
  <testcase name="similarEurekaProductIssue" time="62.001" classname="BugRegressionSuite.SimilarProductsIssue"/>
  <testcase name="similarProductSamsungIssue" time="95.708" classname="BugRegressionSuite.SimilarProductsIssue"/>
  <testcase name="executeTestCase" time="105.458" classname="BugRegressionSuite.SimilarProductsIssue"/>
</testsuite> <!-- BugRegressionSuite.SimilarProductsIssue -->
