<?xml version="1.0" encoding="UTF-8"?>
<!-- Generated by org.testng.reporters.JUnitReportReporter -->
<testsuite hostname="LP-13" name="BugRegressionSuite.MailBodyMissing_ForgotPassword_SNo_28" tests="1" failures="0" timestamp="11 Aug 2015 05:24:35 GMT" time="51.632" errors="0">
  <testcase name="executeTestCase" time="51.632" classname="BugRegressionSuite.MailBodyMissing_ForgotPassword_SNo_28"/>
</testsuite> <!-- BugRegressionSuite.MailBodyMissing_ForgotPassword_SNo_28 -->
