<?xml version="1.0" encoding="UTF-8"?>
<!-- Generated by org.testng.reporters.JUnitReportReporter -->
<testsuite hostname="LP-13" name="BugRegressionSuite.SignInWithGoogle_SNo_30" tests="1" failures="0" timestamp="11 Aug 2015 05:24:35 GMT" time="50.726" errors="0">
  <testcase name="executeTestCase" time="50.726" classname="BugRegressionSuite.SignInWithGoogle_SNo_30"/>
</testsuite> <!-- BugRegressionSuite.SignInWithGoogle_SNo_30 -->
