<?xml version="1.0" encoding="UTF-8"?>
<!-- Generated by org.testng.reporters.JUnitReportReporter -->
<testsuite hostname="LP-13" name="BugRegressionSuite.AN_180" tests="1" failures="0" timestamp="11 Aug 2015 05:24:35 GMT" time="73.286" errors="0">
  <testcase name="executeTestCase" time="73.286" classname="BugRegressionSuite.AN_180"/>
</testsuite> <!-- BugRegressionSuite.AN_180 -->
