<?xml version="1.0" encoding="UTF-8"?>
<!-- Generated by org.testng.reporters.JUnitReportReporter -->
<testsuite hostname="LP-13" name="BugRegressionSuite.LoginErrorMessage_AN190" tests="1" failures="0" timestamp="11 Aug 2015 05:24:35 GMT" time="49.785" errors="0">
  <testcase name="executeTestCase" time="49.785" classname="BugRegressionSuite.LoginErrorMessage_AN190"/>
</testsuite> <!-- BugRegressionSuite.LoginErrorMessage_AN190 -->
