<?xml version="1.0" encoding="UTF-8"?>
<!-- Generated by org.testng.reporters.JUnitReportReporter -->
<testsuite hostname="LP-13" name="BugRegressionSuite.CallingTablet_AN197" tests="1" failures="0" timestamp="11 Aug 2015 05:24:35 GMT" time="53.565" errors="0">
  <testcase name="executeTestCase" time="53.565" classname="BugRegressionSuite.CallingTablet_AN197"/>
</testsuite> <!-- BugRegressionSuite.CallingTablet_AN197 -->
